<?xml version="1.0" encoding="UTF-8"?>
<!-- Generated by org.testng.reporters.JUnitReportReporter -->
<testsuite hostname="TRICONNODE211" name="pack2.TestB" tests="2" failures="0" timestamp="1 Feb 2017 12:33:39 GMT" time="0.002" errors="0">
  <testcase name="method1" time="0.001" classname="pack2.TestB"/>
  <testcase name="method2" time="0.001" classname="pack2.TestB"/>
</testsuite> <!-- pack2.TestB -->
