<?xml version="1.0" encoding="UTF-8"?>
<!-- Generated by org.testng.reporters.JUnitReportReporter -->
<testsuite hostname="TRICONNODE211" name="pack1.TestA" tests="2" failures="0" timestamp="1 Feb 2017 12:33:39 GMT" time="0.071" errors="0">
  <testcase name="method1" time="0.070" classname="pack1.TestA"/>
  <testcase name="method2" time="0.001" classname="pack1.TestA"/>
</testsuite> <!-- pack1.TestA -->
