<?xml version="1.0" encoding="UTF-8"?>
<!-- Generated by org.testng.reporters.JUnitReportReporter -->
<testsuite hostname="TRICONNODE211" name="pack1.TestngLoggingDemo" tests="1" failures="0" timestamp="25 Jan 2017 10:28:18 GMT" time="30.138" errors="0">
  <testcase name="testReport" time="30.138" classname="pack1.TestngLoggingDemo"/>
</testsuite> <!-- pack1.TestngLoggingDemo -->
