<?xml version="1.0" encoding="UTF-8"?>
<!-- Generated by org.testng.reporters.JUnitReportReporter -->
<testsuite hostname="TRICONNODE211" name="pack1.DataProviderWithinClassDemo" tests="3" failures="0" timestamp="25 Jan 2017 10:13:58 GMT" time="0.007" errors="0">
  <testcase name="Login" time="0.006" classname="pack1.DataProviderWithinClassDemo"/>
  <testcase name="Login" time="0.000" classname="pack1.DataProviderWithinClassDemo"/>
  <testcase name="Login" time="0.001" classname="pack1.DataProviderWithinClassDemo"/>
</testsuite> <!-- pack1.DataProviderWithinClassDemo -->
