<?xml version="1.0" encoding="UTF-8"?>
<!-- Generated by org.testng.reporters.JUnitReportReporter -->
<testsuite hostname="TRICONNODE211" name="pack1.ListenerDemo" tests="2" failures="0" timestamp="25 Jan 2017 10:55:37 GMT" time="0.009" errors="0">
  <testcase name="methodA" time="0.008" classname="pack1.ListenerDemo"/>
  <testcase name="methodB" time="0.001" classname="pack1.ListenerDemo"/>
</testsuite> <!-- pack1.ListenerDemo -->
