<?xml version="1.0" encoding="UTF-8"?>
<!-- Generated by org.testng.reporters.JUnitReportReporter -->
<testsuite hostname="TRICONNODE211" name="pack1.DataProviderDemo2" tests="2" failures="0" timestamp="24 Jan 2017 14:14:39 GMT" time="0.027" errors="0">
  <testcase name="Login" time="0.025" classname="pack1.DataProviderDemo2"/>
  <testcase name="Login" time="0.002" classname="pack1.DataProviderDemo2"/>
</testsuite> <!-- pack1.DataProviderDemo2 -->
