<?xml version="1.0" encoding="UTF-8"?>
<!-- Generated by org.testng.reporters.JUnitReportReporter -->
<testsuite hostname="TRICONNODE211" name="pack1.DataProviderFromExcelSheetDemo" tests="5" failures="0" timestamp="25 Jan 2017 10:21:27 GMT" time="0.009" errors="0">
  <testcase name="Login" time="0.001" classname="pack1.DataProviderFromExcelSheetDemo"/>
  <testcase name="Login" time="0.000" classname="pack1.DataProviderFromExcelSheetDemo"/>
  <testcase name="Login" time="0.000" classname="pack1.DataProviderFromExcelSheetDemo"/>
  <testcase name="Login" time="0.001" classname="pack1.DataProviderFromExcelSheetDemo"/>
  <testcase name="Login" time="0.007" classname="pack1.DataProviderFromExcelSheetDemo"/>
</testsuite> <!-- pack1.DataProviderFromExcelSheetDemo -->
