<?xml version="1.0" encoding="UTF-8"?>
<!-- Generated by org.testng.reporters.JUnitReportReporter -->
<testsuite hostname="TRICONNODE211" name="pack1.DataProviderExample" tests="3" failures="0" timestamp="23 Jan 2017 13:53:54 GMT" time="0.009" errors="0">
  <testcase name="Login" time="0.007" classname="pack1.DataProviderExample"/>
  <testcase name="Login" time="0.000" classname="pack1.DataProviderExample"/>
  <testcase name="Login" time="0.002" classname="pack1.DataProviderExample"/>
</testsuite> <!-- pack1.DataProviderExample -->
