<?xml version="1.0" encoding="UTF-8"?>
<!-- Generated by org.testng.reporters.JUnitReportReporter -->
<testsuite hostname="TRICONNODE211" name="pack2.TestB" tests="2" failures="0" timestamp="25 Jan 2017 10:47:12 GMT" time="0.000" errors="0">
  <testcase name="method2" time="0.000" classname="pack2.TestB"/>
  <testcase name="method1" time="0.000" classname="pack2.TestB"/>
</testsuite> <!-- pack2.TestB -->
